0 -> 132 -> 88 -> 132 -> \
1 -> 177 -> 45 -> 1 -> \
2 -> 178 -> \
3 -> 135 -> \
4 -> 92 -> 4 -> 136 -> 48 -> 4 -> 4 -> 136 -> \
5 -> 93 -> 93 -> 181 -> \
6 -> 138 -> 6 -> 182 -> 94 -> 94 -> \
7 -> 183 -> 139 -> 95 -> 183 -> 51 -> \
8 -> 184 -> 140 -> 52 -> \
9 -> 9 -> 9 -> 185 -> 9 -> 141 -> 185 -> \
10 -> 98 -> 186 -> \
11 -> 143 -> 187 -> 143 -> 187 -> \
12 -> 188 -> 12 -> 12 -> 100 -> \
13 -> 101 -> \
14 -> 102 -> 146 -> 102 -> 14 -> 146 -> 58 -> 58 -> 190 -> \
15 -> 59 -> 191 -> \
16 -> 192 -> 104 -> 192 -> 104 -> \
17 -> \
18 -> 18 -> 62 -> 18 -> 106 -> 150 -> \
19 -> 195 -> 151 -> 195 -> \
20 -> 20 -> 152 -> 196 -> 152 -> 108 -> 196 -> 152 -> \
21 -> 21 -> 65 -> 109 -> 21 -> 153 -> 21 -> 109 -> 197 -> \
22 -> 110 -> 66 -> 198 -> \
23 -> 23 -> 67 -> \
24 -> 24 -> 200 -> \
25 -> 157 -> 25 -> 25 -> \
26 -> 26 -> 26 -> \
27 -> 27 -> 27 -> \
28 -> 28 -> \
29 -> 29 -> 73 -> 117 -> \
30 -> 118 -> 30 -> 74 -> 74 -> 118 -> 118 -> \
31 -> 75 -> 31 -> \
32 -> 164 -> 164 -> 76 -> 32 -> \
33 -> 77 -> 33 -> 33 -> 77 -> \
34 -> 166 -> 34 -> 122 -> 166 -> \
35 -> 123 -> \
36 -> 168 -> 80 -> \
37 -> 37 -> 125 -> \
38 -> 38 -> \
39 -> 83 -> 127 -> 83 -> \
40 -> 172 -> 172 -> 40 -> 40 -> \
41 -> 41 -> 41 -> 129 -> 41 -> 173 -> \
42 -> 86 -> 42 -> 42 -> 130 -> \
43 -> 175 -> 43 -> 175 -> 87 -> \
